TN:
SF:src\db.js
FN:5,(anonymous_6)
FN:5,_callee
FN:5,getUserByUsername
FNF:3
FNH:3
FNDA:1,(anonymous_6)
FNDA:10,_callee
FNDA:2,getUserByUsername
DA:1,1
DA:3,1
DA:5,30
DA:7,2
DA:15,2
DA:17,2
DA:19,2
DA:25,1
LF:8
LH:8
BRDA:3,0,0,0
BRDA:3,0,1,1
BRDA:5,1,0,2
BRDA:5,1,1,2
BRDA:5,1,2,2
BRDA:5,1,3,0
BRDA:5,1,4,2
BRF:7
BRH:5
end_of_record
TN:
SF:src\mocha-setup.js
FNF:0
FNH:0
DA:1,1
DA:2,1
DA:3,1
DA:4,1
DA:7,1
LF:5
LH:5
BRF:0
BRH:0
end_of_record
TN:
SF:src\server.js
FN:6,(anonymous_7)
FN:6,_callee
FNF:2
FNH:2
FNDA:4,(anonymous_7)
FNDA:9,_callee
DA:1,1
DA:2,1
DA:4,1
DA:6,35
DA:7,3
DA:10,2
DA:11,2
DA:12,1
DA:15,1
DA:21,1
LF:10
LH:10
BRDA:6,0,0,3
BRDA:6,0,1,2
BRDA:6,0,2,1
BRDA:6,0,3,3
BRDA:6,0,4,3
BRDA:11,1,0,1
BRDA:11,1,1,1
BRF:7
BRH:7
end_of_record
TN:
SF:src\test-helpers.js
FN:5,(anonymous_6)
FN:5,_callee
FN:5,setDatabaseData
FN:23,(anonymous_10)
FN:23,_callee2
FN:23,getDatabaseData
FN:43,(anonymous_14)
FN:43,_callee3
FN:43,resetDatabase
FNF:9
FNH:9
FNDA:1,(anonymous_6)
FNDA:8,_callee
FNDA:2,setDatabaseData
FNDA:1,(anonymous_10)
FNDA:10,_callee2
FNDA:2,getDatabaseData
FNDA:1,(anonymous_14)
FNDA:20,_callee3
FNDA:5,resetDatabase
DA:1,1
DA:2,1
DA:3,1
DA:5,24
DA:7,2
DA:15,2
DA:19,2
DA:23,30
DA:25,2
DA:33,2
DA:35,2
DA:37,2
DA:43,60
DA:45,5
DA:53,5
LF:15
LH:15
BRDA:1,0,0,0
BRDA:1,0,1,1
BRDA:5,1,0,2
BRDA:5,1,1,2
BRDA:5,1,2,2
BRDA:5,1,3,2
BRDA:5,1,4,2
BRDA:23,2,0,2
BRDA:23,2,1,2
BRDA:23,2,2,2
BRDA:23,2,3,0
BRDA:23,2,4,2
BRDA:43,3,0,5
BRDA:43,3,1,5
BRDA:43,3,2,5
BRDA:43,3,3,5
BRF:16
BRH:14
end_of_record
